<?xml version="1.0" encoding="UTF-8"?>
<testsuite xmlns:xsi="http://www.w3.org/2001/XMLSchema-instance" xsi:noNamespaceSchemaLocation="https://maven.apache.org/surefire/maven-surefire-plugin/xsd/surefire-test-report.xsd" version="3.0.2" name="com.orderplatform.inventoryservice.integration.InventoryIntegrationTest" time="28.813" tests="4" errors="0" skipped="0" failures="0">
  <properties>
[...]
</properties>
  <testcase name="getStock_seededProduct_returnsCorrectLevels" classname="com.orderplatform.inventoryservice.integration.InventoryIntegrationTest" time="0.847">
    <system-out><![CDATA[16:58:07.311 [main] INFO org.springframework.test.context.support.AnnotationConfigContextLoaderUtils -- Could not detect default configuration classes for test class [com.orderplatform.inventoryservice.integration.InventoryIntegrationTest]: InventoryIntegrationTest does not declare any static, non-private, non-final, nested classes annotated with @Configuration.
16:58:07.361 [main] INFO org.testcontainers.images.PullPolicy -- Image pull policy will be performed by: DefaultPullPolicy()
16:58:07.364 [main] INFO org.testcontainers.utility.ImageNameSubstitutor -- Image name substitution will be performed by: DefaultImageNameSubstitutor (composite of 'ConfigurationFileImageNameSubstitutor' and 'PrefixingImageNameSubstitutor')
16:58:07.390 [main] INFO org.testcontainers.DockerClientFactory -- Testcontainers version: 1.21.0
16:58:07.569 [main] INFO org.testcontainers.dockerclient.DockerClientProviderStrategy -- Loaded org.testcontainers.dockerclient.UnixSocketClientProviderStrategy from ~/.testcontainers.properties, will try it first
16:58:07.797 [main] INFO org.testcontainers.dockerclient.DockerClientProviderStrategy -- Found Docker environment with local Unix socket (unix:///var/run/docker.sock)
16:58:07.799 [main] INFO org.testcontainers.DockerClientFactory -- Docker host IP address is localhost
16:58:07.825 [main] INFO org.testcontainers.DockerClientFactory -- Connected to docker: 
  Server Version: 20.10.8
  API Version: 1.41
  Operating System: Docker Desktop
  Total Memory: 1984 MB
16:58:07.857 [main] INFO tc.testcontainers/ryuk:0.11.0 -- Creating container for image: testcontainers/ryuk:0.11.0
16:58:07.912 [main] INFO org.testcontainers.utility.RegistryAuthLocator -- Credential helper/store (docker-credential-desktop) does not have credentials for https://index.docker.io/v1/
16:58:08.061 [main] INFO tc.testcontainers/ryuk:0.11.0 -- Container testcontainers/ryuk:0.11.0 is starting: a76013495feb3cc09439756a63cffa831992f8fb231edf693f4155c3c4afbf5c
16:58:08.837 [main] INFO tc.testcontainers/ryuk:0.11.0 -- Container testcontainers/ryuk:0.11.0 started in PT0.979296S
16:58:08.844 [main] INFO org.testcontainers.utility.RyukResourceReaper -- Ryuk started - will monitor and terminate Testcontainers containers on JVM exit
16:58:08.845 [main] INFO org.testcontainers.DockerClientFactory -- Checking the system...
16:58:08.845 [main] INFO org.testcontainers.DockerClientFactory -- ✔︎ Docker server version should be at least 1.6.0
16:58:08.943 [main] INFO org.springframework.boot.test.context.SpringBootTestContextBootstrapper -- Found @SpringBootConfiguration com.orderplatform.inventoryservice.InventoryServiceApplication for test class com.orderplatform.inventoryservice.integration.InventoryIntegrationTest
16:58:09.032 [main] INFO tc.confluentinc/cp-kafka:7.6.1 -- Creating container for image: confluentinc/cp-kafka:7.6.1
16:58:09.111 [main] INFO tc.confluentinc/cp-kafka:7.6.1 -- Container confluentinc/cp-kafka:7.6.1 is starting: 105d139c7155b8a958dacd5f8f9d099d489dc78c61cc09b5c20d8f98e5a66ea4
16:58:23.487 [main] INFO tc.confluentinc/cp-kafka:7.6.1 -- Container confluentinc/cp-kafka:7.6.1 started in PT14.454702S
16:58:23.490 [main] INFO tc.postgres:15-alpine -- Creating container for image: postgres:15-alpine
16:58:23.586 [main] INFO tc.postgres:15-alpine -- Container postgres:15-alpine is starting: cd66f7adc368ca08a9c0c2d38146c1122b485ab17ac6c6fd0cf7d2a9bc9694c1
16:58:26.744 [main] INFO tc.postgres:15-alpine -- Container postgres:15-alpine started in PT3.253944S
16:58:26.746 [main] INFO tc.postgres:15-alpine -- Container is started (JDBC URL: jdbc:postgresql://localhost:58927/inventory_db?loggerLevel=OFF)

  .   ____          _            __ _ _
 /\\ / ___'_ __ _ _(_)_ __  __ _ \ \ \ \
( ( )\___ | '_ | '_| | '_ \/ _` | \ \ \ \
 \\/  ___)| |_)| | | | | || (_| |  ) ) ) )
  '  |____| .__|_| |_|_| |_\__, | / / / /
 =========|_|==============|___/=/_/_/_/

 :: Spring Boot ::                (v3.5.0)

16:58:27.228 INFO  [,] c.o.i.i.InventoryIntegrationTest - Starting InventoryIntegrationTest using Java 17.0.10 with PID 48542 (started by charathgopalakrishnan in /Users/charathgopalakrishnan/eclipse-workspace/claude/order-processing-platform/inventory-service)
16:58:27.229 DEBUG [,] c.o.i.i.InventoryIntegrationTest - Running with Spring Boot v3.5.0, Spring v6.2.7
16:58:27.230 INFO  [,] c.o.i.i.InventoryIntegrationTest - No active profile set, falling back to 1 default profile: "default"
16:58:28.456 INFO  [,] o.s.d.r.c.RepositoryConfigurationDelegate - Bootstrapping Spring Data JPA repositories in DEFAULT mode.
16:58:28.516 INFO  [,] o.s.d.r.c.RepositoryConfigurationDelegate - Finished Spring Data repository scanning in 48 ms. Found 2 JPA repository interfaces.
16:58:29.168 INFO  [,] o.s.b.w.e.tomcat.TomcatWebServer - Tomcat initialized with port 0 (http)
16:58:29.190 INFO  [,] o.a.catalina.core.StandardService - Starting service [Tomcat]
16:58:29.191 INFO  [,] o.a.catalina.core.StandardEngine - Starting Servlet engine: [Apache Tomcat/10.1.41]
16:58:29.243 INFO  [,] o.a.c.c.C.[Tomcat].[localhost].[/] - Initializing Spring embedded WebApplicationContext
16:58:29.244 INFO  [,] o.s.b.w.s.c.ServletWebServerApplicationContext - Root WebApplicationContext: initialization completed in 1992 ms
16:58:30.032 INFO  [,] org.flywaydb.core.FlywayExecutor - Database: jdbc:postgresql://localhost:58927/inventory_db?loggerLevel=OFF (PostgreSQL 15.18)
16:58:30.088 INFO  [,] o.f.c.i.s.JdbcTableSchemaHistory - Schema history table "public"."flyway_schema_history" does not exist yet
16:58:30.092 INFO  [,] o.f.core.internal.command.DbValidate - Successfully validated 3 migrations (execution time 00:00.022s)
16:58:30.122 INFO  [,] o.f.c.i.s.JdbcTableSchemaHistory - Creating Schema History table "public"."flyway_schema_history" ...
16:58:30.256 INFO  [,] o.f.core.internal.command.DbMigrate - Current version of schema "public": << Empty Schema >>
16:58:30.267 INFO  [,] o.f.core.internal.command.DbMigrate - Migrating schema "public" to version "1 - create inventory tables"
16:58:30.335 INFO  [,] o.f.core.internal.command.DbMigrate - Migrating schema "public" to version "2 - seed inventory"
16:58:30.373 INFO  [,] o.f.core.internal.command.DbMigrate - Migrating schema "public" to version "3 - create reservations"
16:58:30.415 INFO  [,] o.f.core.internal.command.DbMigrate - Successfully applied 3 migrations to schema "public", now at version v3 (execution time 00:00.054s)
16:58:30.500 INFO  [,] o.h.jpa.internal.util.LogHelper - HHH000204: Processing PersistenceUnitInfo [name: default]
16:58:30.543 INFO  [,] org.hibernate.Version - HHH000412: Hibernate ORM core version 6.6.15.Final
16:58:30.573 INFO  [,] o.h.c.i.RegionFactoryInitiator - HHH000026: Second-level cache disabled
16:58:30.808 INFO  [,] o.s.o.j.p.SpringPersistenceUnitInfo - No LoadTimeWeaver setup: ignoring JPA class transformer
16:58:30.834 INFO  [,] com.zaxxer.hikari.HikariDataSource - HikariPool-1 - Starting...
16:58:30.897 INFO  [,] com.zaxxer.hikari.pool.HikariPool - HikariPool-1 - Added connection org.postgresql.jdbc.PgConnection@533690d
16:58:30.899 INFO  [,] com.zaxxer.hikari.HikariDataSource - HikariPool-1 - Start completed.
16:58:30.969 INFO  [,] o.hibernate.orm.connections.pooling - HHH10001005: Database info:
	Database JDBC URL [Connecting through datasource 'HikariDataSource (HikariPool-1)']
	Database driver: undefined/unknown
	Database version: 15.18
	Autocommit mode: undefined/unknown
	Isolation level: undefined/unknown
	Minimum pool size: undefined/unknown
	Maximum pool size: undefined/unknown
16:58:32.154 INFO  [,] o.h.e.t.j.p.i.JtaPlatformInitiator - HHH000489: No JTA platform available (set 'hibernate.transaction.jta.platform' to enable JTA platform integration)
16:58:32.205 INFO  [,] o.s.o.j.LocalContainerEntityManagerFactoryBean - Initialized JPA EntityManagerFactory for persistence unit 'default'
16:58:33.327 INFO  [,] o.s.b.a.e.web.EndpointLinksResolver - Exposing 14 endpoints beneath base path '/actuator'
16:58:33.444 INFO  [,] o.a.k.c.admin.AdminClientConfig - AdminClientConfig values: 
	auto.include.jmx.reporter = true
	bootstrap.controllers = []
	bootstrap.servers = [localhost:58911]
	client.dns.lookup = use_all_dns_ips
	client.id = inventory-service-admin-0
	connections.max.idle.ms = 300000
	default.api.timeout.ms = 60000
	enable.metrics.push = true
	metadata.max.age.ms = 300000
	metadata.recovery.strategy = none
	metric.reporters = []
	metrics.num.samples = 2
	metrics.recording.level = INFO
	metrics.sample.window.ms = 30000
	receive.buffer.bytes = 65536
	reconnect.backoff.max.ms = 1000
	reconnect.backoff.ms = 50
	request.timeout.ms = 30000
	retries = 2147483647
	retry.backoff.max.ms = 1000
	retry.backoff.ms = 100
	sasl.client.callback.handler.class = null
	sasl.jaas.config = null
	sasl.kerberos.kinit.cmd = /usr/bin/kinit
	sasl.kerberos.min.time.before.relogin = 60000
	sasl.kerberos.service.name = null
	sasl.kerberos.ticket.renew.jitter = 0.05
	sasl.kerberos.ticket.renew.window.factor = 0.8
	sasl.login.callback.handler.class = null
	sasl.login.class = null
	sasl.login.connect.timeout.ms = null
	sasl.login.read.timeout.ms = null
	sasl.login.refresh.buffer.seconds = 300
	sasl.login.refresh.min.period.seconds = 60
	sasl.login.refresh.window.factor = 0.8
	sasl.login.refresh.window.jitter = 0.05
	sasl.login.retry.backoff.max.ms = 10000
	sasl.login.retry.backoff.ms = 100
	sasl.mechanism = GSSAPI
	sasl.oauthbearer.clock.skew.seconds = 30
	sasl.oauthbearer.expected.audience = null
	sasl.oauthbearer.expected.issuer = null
	sasl.oauthbearer.header.urlencode = false
	sasl.oauthbearer.jwks.endpoint.refresh.ms = 3600000
	sasl.oauthbearer.jwks.endpoint.retry.backoff.max.ms = 10000
	sasl.oauthbearer.jwks.endpoint.retry.backoff.ms = 100
	sasl.oauthbearer.jwks.endpoint.url = null
	sasl.oauthbearer.scope.claim.name = scope
	sasl.oauthbearer.sub.claim.name = sub
	sasl.oauthbearer.token.endpoint.url = null
	security.protocol = PLAINTEXT
	security.providers = null
	send.buffer.bytes = 131072
	socket.connection.setup.timeout.max.ms = 30000
	socket.connection.setup.timeout.ms = 10000
	ssl.cipher.suites = null
	ssl.enabled.protocols = [TLSv1.2, TLSv1.3]
	ssl.endpoint.identification.algorithm = https
	ssl.engine.factory.class = null
	ssl.key.password = null
	ssl.keymanager.algorithm = SunX509
	ssl.keystore.certificate.chain = null
	ssl.keystore.key = null
	ssl.keystore.location = null
	ssl.keystore.password = null
	ssl.keystore.type = JKS
	ssl.protocol = TLSv1.3
	ssl.provider = null
	ssl.secure.random.implementation = null
	ssl.trustmanager.algorithm = PKIX
	ssl.truststore.certificates = null
	ssl.truststore.location = null
	ssl.truststore.password = null
	ssl.truststore.type = JKS

16:58:33.530 INFO  [,] o.a.kafka.common.utils.AppInfoParser - Kafka version: 3.9.1
16:58:33.531 INFO  [,] o.a.kafka.common.utils.AppInfoParser - Kafka commitId: f745dfdcee2b9851
16:58:33.531 INFO  [,] o.a.kafka.common.utils.AppInfoParser - Kafka startTimeMs: 1781654313529
16:58:34.199 INFO  [,] o.a.kafka.common.utils.AppInfoParser - App info kafka.admin.client for inventory-service-admin-0 unregistered
16:58:34.203 INFO  [,] o.a.kafka.common.metrics.Metrics - Metrics scheduler closed
16:58:34.204 INFO  [,] o.a.kafka.common.metrics.Metrics - Closing reporter org.apache.kafka.common.metrics.JmxReporter
16:58:34.204 INFO  [,] o.a.kafka.common.metrics.Metrics - Metrics reporters closed
16:58:34.219 INFO  [,] o.s.b.w.e.tomcat.TomcatWebServer - Tomcat started on port 58989 (http) with context path '/'
16:58:34.239 INFO  [,] o.a.k.c.consumer.ConsumerConfig - ConsumerConfig values: 
	allow.auto.create.topics = true
	auto.commit.interval.ms = 5000
	auto.include.jmx.reporter = true
	auto.offset.reset = earliest
	bootstrap.servers = [localhost:58911]
	check.crcs = true
	client.dns.lookup = use_all_dns_ips
	client.id = consumer-inventory-service-1
	client.rack = 
	connections.max.idle.ms = 540000
	default.api.timeout.ms = 60000
	enable.auto.commit = false
	enable.metrics.push = true
	exclude.internal.topics = true
	fetch.max.bytes = 52428800
	fetch.max.wait.ms = 500
	fetch.min.bytes = 1
	group.id = inventory-service
	group.instance.id = null
	group.protocol = classic
	group.remote.assignor = null
	heartbeat.interval.ms = 3000
	interceptor.classes = []
	internal.leave.group.on.close = true
	internal.throw.on.fetch.stable.offset.unsupported = false
	isolation.level = read_uncommitted
	key.deserializer = class org.apache.kafka.common.serialization.StringDeserializer
	max.partition.fetch.bytes = 1048576
	max.poll.interval.ms = 300000
	max.poll.records = 500
	metadata.max.age.ms = 300000
	metadata.recovery.strategy = none
	metric.reporters = []
	metrics.num.samples = 2
	metrics.recording.level = INFO
	metrics.sample.window.ms = 30000
	partition.assignment.strategy = [class org.apache.kafka.clients.consumer.RangeAssignor, class org.apache.kafka.clients.consumer.CooperativeStickyAssignor]
	receive.buffer.bytes = 65536
	reconnect.backoff.max.ms = 1000
	reconnect.backoff.ms = 50
	request.timeout.ms = 30000
	retry.backoff.max.ms = 1000
	retry.backoff.ms = 100
	sasl.client.callback.handler.class = null
	sasl.jaas.config = null
	sasl.kerberos.kinit.cmd = /usr/bin/kinit
	sasl.kerberos.min.time.before.relogin = 60000
	sasl.kerberos.service.name = null
	sasl.kerberos.ticket.renew.jitter = 0.05
	sasl.kerberos.ticket.renew.window.factor = 0.8
	sasl.login.callback.handler.class = null
	sasl.login.class = null
	sasl.login.connect.timeout.ms = null
	sasl.login.read.timeout.ms = null
	sasl.login.refresh.buffer.seconds = 300
	sasl.login.refresh.min.period.seconds = 60
	sasl.login.refresh.window.factor = 0.8
	sasl.login.refresh.window.jitter = 0.05
	sasl.login.retry.backoff.max.ms = 10000
	sasl.login.retry.backoff.ms = 100
	sasl.mechanism = GSSAPI
	sasl.oauthbearer.clock.skew.seconds = 30
	sasl.oauthbearer.expected.audience = null
	sasl.oauthbearer.expected.issuer = null
	sasl.oauthbearer.header.urlencode = false
	sasl.oauthbearer.jwks.endpoint.refresh.ms = 3600000
	sasl.oauthbearer.jwks.endpoint.retry.backoff.max.ms = 10000
	sasl.oauthbearer.jwks.endpoint.retry.backoff.ms = 100
	sasl.oauthbearer.jwks.endpoint.url = null
	sasl.oauthbearer.scope.claim.name = scope
	sasl.oauthbearer.sub.claim.name = sub
	sasl.oauthbearer.token.endpoint.url = null
	security.protocol = PLAINTEXT
	security.providers = null
	send.buffer.bytes = 131072
	session.timeout.ms = 45000
	socket.connection.setup.timeout.max.ms = 30000
	socket.connection.setup.timeout.ms = 10000
	ssl.cipher.suites = null
	ssl.enabled.protocols = [TLSv1.2, TLSv1.3]
	ssl.endpoint.identification.algorithm = https
	ssl.engine.factory.class = null
	ssl.key.password = null
	ssl.keymanager.algorithm = SunX509
	ssl.keystore.certificate.chain = null
	ssl.keystore.key = null
	ssl.keystore.location = null
	ssl.keystore.password = null
	ssl.keystore.type = JKS
	ssl.protocol = TLSv1.3
	ssl.provider = null
	ssl.secure.random.implementation = null
	ssl.trustmanager.algorithm = PKIX
	ssl.truststore.certificates = null
	ssl.truststore.location = null
	ssl.truststore.password = null
	ssl.truststore.type = JKS
	value.deserializer = class org.springframework.kafka.support.serializer.JsonDeserializer

16:58:34.268 INFO  [,] o.a.k.c.t.i.KafkaMetricsCollector - initializing Kafka metrics collector
16:58:34.309 INFO  [,] o.a.kafka.common.utils.AppInfoParser - Kafka version: 3.9.1
16:58:34.309 INFO  [,] o.a.kafka.common.utils.AppInfoParser - Kafka commitId: f745dfdcee2b9851
16:58:34.309 INFO  [,] o.a.kafka.common.utils.AppInfoParser - Kafka startTimeMs: 1781654314309
16:58:34.319 INFO  [,] o.a.k.c.c.i.ClassicKafkaConsumer - [Consumer clientId=consumer-inventory-service-1, groupId=inventory-service] Subscribed to topic(s): order.fulfilled
16:58:34.325 INFO  [,] o.a.k.c.consumer.ConsumerConfig - ConsumerConfig values: 
	allow.auto.create.topics = true
	auto.commit.interval.ms = 5000
	auto.include.jmx.reporter = true
	auto.offset.reset = earliest
	bootstrap.servers = [localhost:58911]
	check.crcs = true
	client.dns.lookup = use_all_dns_ips
	client.id = consumer-inventory-service-2
	client.rack = 
	connections.max.idle.ms = 540000
	default.api.timeout.ms = 60000
	enable.auto.commit = false
	enable.metrics.push = true
	exclude.internal.topics = true
	fetch.max.bytes = 52428800
	fetch.max.wait.ms = 500
	fetch.min.bytes = 1
	group.id = inventory-service
	group.instance.id = null
	group.protocol = classic
	group.remote.assignor = null
	heartbeat.interval.ms = 3000
	interceptor.classes = []
	internal.leave.group.on.close = true
	internal.throw.on.fetch.stable.offset.unsupported = false
	isolation.level = read_uncommitted
	key.deserializer = class org.apache.kafka.common.serialization.StringDeserializer
	max.partition.fetch.bytes = 1048576
	max.poll.interval.ms = 300000
	max.poll.records = 500
	metadata.max.age.ms = 300000
	metadata.recovery.strategy = none
	metric.reporters = []
	metrics.num.samples = 2
	metrics.recording.level = INFO
	metrics.sample.window.ms = 30000
	partition.assignment.strategy = [class org.apache.kafka.clients.consumer.RangeAssignor, class org.apache.kafka.clients.consumer.CooperativeStickyAssignor]
	receive.buffer.bytes = 65536
	reconnect.backoff.max.ms = 1000
	reconnect.backoff.ms = 50
	request.timeout.ms = 30000
	retry.backoff.max.ms = 1000
	retry.backoff.ms = 100
	sasl.client.callback.handler.class = null
	sasl.jaas.config = null
	sasl.kerberos.kinit.cmd = /usr/bin/kinit
	sasl.kerberos.min.time.before.relogin = 60000
	sasl.kerberos.service.name = null
	sasl.kerberos.ticket.renew.jitter = 0.05
	sasl.kerberos.ticket.renew.window.factor = 0.8
	sasl.login.callback.handler.class = null
	sasl.login.class = null
	sasl.login.connect.timeout.ms = null
	sasl.login.read.timeout.ms = null
	sasl.login.refresh.buffer.seconds = 300
	sasl.login.refresh.min.period.seconds = 60
	sasl.login.refresh.window.factor = 0.8
	sasl.login.refresh.window.jitter = 0.05
	sasl.login.retry.backoff.max.ms = 10000
	sasl.login.retry.backoff.ms = 100
	sasl.mechanism = GSSAPI
	sasl.oauthbearer.clock.skew.seconds = 30
	sasl.oauthbearer.expected.audience = null
	sasl.oauthbearer.expected.issuer = null
	sasl.oauthbearer.header.urlencode = false
	sasl.oauthbearer.jwks.endpoint.refresh.ms = 3600000
	sasl.oauthbearer.jwks.endpoint.retry.backoff.max.ms = 10000
	sasl.oauthbearer.jwks.endpoint.retry.backoff.ms = 100
	sasl.oauthbearer.jwks.endpoint.url = null
	sasl.oauthbearer.scope.claim.name = scope
	sasl.oauthbearer.sub.claim.name = sub
	sasl.oauthbearer.token.endpoint.url = null
	security.protocol = PLAINTEXT
	security.providers = null
	send.buffer.bytes = 131072
	session.timeout.ms = 45000
	socket.connection.setup.timeout.max.ms = 30000
	socket.connection.setup.timeout.ms = 10000
	ssl.cipher.suites = null
	ssl.enabled.protocols = [TLSv1.2, TLSv1.3]
	ssl.endpoint.identification.algorithm = https
	ssl.engine.factory.class = null
	ssl.key.password = null
	ssl.keymanager.algorithm = SunX509
	ssl.keystore.certificate.chain = null
	ssl.keystore.key = null
	ssl.keystore.location = null
	ssl.keystore.password = null
	ssl.keystore.type = JKS
	ssl.protocol = TLSv1.3
	ssl.provider = null
	ssl.secure.random.implementation = null
	ssl.trustmanager.algorithm = PKIX
	ssl.truststore.certificates = null
	ssl.truststore.location = null
	ssl.truststore.password = null
	ssl.truststore.type = JKS
	value.deserializer = class org.springframework.kafka.support.serializer.JsonDeserializer

16:58:34.326 INFO  [,] o.a.k.c.t.i.KafkaMetricsCollector - initializing Kafka metrics collector
16:58:34.335 INFO  [,] o.a.kafka.common.utils.AppInfoParser - Kafka version: 3.9.1
16:58:34.335 INFO  [,] o.a.kafka.common.utils.AppInfoParser - Kafka commitId: f745dfdcee2b9851
16:58:34.335 INFO  [,] o.a.kafka.common.utils.AppInfoParser - Kafka startTimeMs: 1781654314335
16:58:34.343 INFO  [,] o.a.k.c.c.i.ClassicKafkaConsumer - [Consumer clientId=consumer-inventory-service-2, groupId=inventory-service] Subscribed to topic(s): order.cancelled
16:58:34.345 INFO  [,] o.a.k.c.consumer.ConsumerConfig - ConsumerConfig values: 
	allow.auto.create.topics = true
	auto.commit.interval.ms = 5000
	auto.include.jmx.reporter = true
	auto.offset.reset = earliest
	bootstrap.servers = [localhost:58911]
	check.crcs = true
	client.dns.lookup = use_all_dns_ips
	client.id = consumer-inventory-service-3
	client.rack = 
	connections.max.idle.ms = 540000
	default.api.timeout.ms = 60000
	enable.auto.commit = false
	enable.metrics.push = true
	exclude.internal.topics = true
	fetch.max.bytes = 52428800
	fetch.max.wait.ms = 500
	fetch.min.bytes = 1
	group.id = inventory-service
	group.instance.id = null
	group.protocol = classic
	group.remote.assignor = null
	heartbeat.interval.ms = 3000
	interceptor.classes = []
	internal.leave.group.on.close = true
	internal.throw.on.fetch.stable.offset.unsupported = false
	isolation.level = read_uncommitted
	key.deserializer = class org.apache.kafka.common.serialization.StringDeserializer
	max.partition.fetch.bytes = 1048576
	max.poll.interval.ms = 300000
	max.poll.records = 500
	metadata.max.age.ms = 300000
	metadata.recovery.strategy = none
	metric.reporters = []
	metrics.num.samples = 2
	metrics.recording.level = INFO
	metrics.sample.window.ms = 30000
	partition.assignment.strategy = [class org.apache.kafka.clients.consumer.RangeAssignor, class org.apache.kafka.clients.consumer.CooperativeStickyAssignor]
	receive.buffer.bytes = 65536
	reconnect.backoff.max.ms = 1000
	reconnect.backoff.ms = 50
	request.timeout.ms = 30000
	retry.backoff.max.ms = 1000
	retry.backoff.ms = 100
	sasl.client.callback.handler.class = null
	sasl.jaas.config = null
	sasl.kerberos.kinit.cmd = /usr/bin/kinit
	sasl.kerberos.min.time.before.relogin = 60000
	sasl.kerberos.service.name = null
	sasl.kerberos.ticket.renew.jitter = 0.05
	sasl.kerberos.ticket.renew.window.factor = 0.8
	sasl.login.callback.handler.class = null
	sasl.login.class = null
	sasl.login.connect.timeout.ms = null
	sasl.login.read.timeout.ms = null
	sasl.login.refresh.buffer.seconds = 300
	sasl.login.refresh.min.period.seconds = 60
	sasl.login.refresh.window.factor = 0.8
	sasl.login.refresh.window.jitter = 0.05
	sasl.login.retry.backoff.max.ms = 10000
	sasl.login.retry.backoff.ms = 100
	sasl.mechanism = GSSAPI
	sasl.oauthbearer.clock.skew.seconds = 30
	sasl.oauthbearer.expected.audience = null
	sasl.oauthbearer.expected.issuer = null
	sasl.oauthbearer.header.urlencode = false
	sasl.oauthbearer.jwks.endpoint.refresh.ms = 3600000
	sasl.oauthbearer.jwks.endpoint.retry.backoff.max.ms = 10000
	sasl.oauthbearer.jwks.endpoint.retry.backoff.ms = 100
	sasl.oauthbearer.jwks.endpoint.url = null
	sasl.oauthbearer.scope.claim.name = scope
	sasl.oauthbearer.sub.claim.name = sub
	sasl.oauthbearer.token.endpoint.url = null
	security.protocol = PLAINTEXT
	security.providers = null
	send.buffer.bytes = 131072
	session.timeout.ms = 45000
	socket.connection.setup.timeout.max.ms = 30000
	socket.connection.setup.timeout.ms = 10000
	ssl.cipher.suites = null
	ssl.enabled.protocols = [TLSv1.2, TLSv1.3]
	ssl.endpoint.identification.algorithm = https
	ssl.engine.factory.class = null
	ssl.key.password = null
	ssl.keymanager.algorithm = SunX509
	ssl.keystore.certificate.chain = null
	ssl.keystore.key = null
	ssl.keystore.location = null
	ssl.keystore.password = null
	ssl.keystore.type = JKS
	ssl.protocol = TLSv1.3
	ssl.provider = null
	ssl.secure.random.implementation = null
	ssl.trustmanager.algorithm = PKIX
	ssl.truststore.certificates = null
	ssl.truststore.location = null
	ssl.truststore.password = null
	ssl.truststore.type = JKS
	value.deserializer = class org.springframework.kafka.support.serializer.JsonDeserializer

16:58:34.346 INFO  [,] o.a.k.c.t.i.KafkaMetricsCollector - initializing Kafka metrics collector
16:58:34.353 INFO  [,] o.a.kafka.common.utils.AppInfoParser - Kafka version: 3.9.1
16:58:34.354 INFO  [,] o.a.kafka.common.utils.AppInfoParser - Kafka commitId: f745dfdcee2b9851
16:58:34.354 INFO  [,] o.a.kafka.common.utils.AppInfoParser - Kafka startTimeMs: 1781654314353
16:58:34.359 INFO  [,] o.a.k.c.c.i.ClassicKafkaConsumer - [Consumer clientId=consumer-inventory-service-3, groupId=inventory-service] Subscribed to topic(s): order.created
16:58:34.381 INFO  [,] c.o.i.i.InventoryIntegrationTest - Started InventoryIntegrationTest in 7.574 seconds (process running for 27.681)
16:58:34.381 INFO  [,] org.apache.kafka.clients.Metadata - [Consumer clientId=consumer-inventory-service-1, groupId=inventory-service] Cluster ID: 4L6g3nShT-eMCtK--X86sw
16:58:34.381 INFO  [,] org.apache.kafka.clients.Metadata - [Consumer clientId=consumer-inventory-service-2, groupId=inventory-service] Cluster ID: 4L6g3nShT-eMCtK--X86sw
16:58:34.383 INFO  [,] org.apache.kafka.clients.Metadata - [Consumer clientId=consumer-inventory-service-3, groupId=inventory-service] Cluster ID: 4L6g3nShT-eMCtK--X86sw
16:58:34.739 INFO  [,] o.a.k.c.c.i.ConsumerCoordinator - [Consumer clientId=consumer-inventory-service-1, groupId=inventory-service] Discovered group coordinator localhost:58911 (id: 2147483646 rack: null)
16:58:34.742 INFO  [,] o.a.k.c.c.i.ConsumerCoordinator - [Consumer clientId=consumer-inventory-service-1, groupId=inventory-service] (Re-)joining group
16:58:34.744 INFO  [,] o.a.k.c.c.i.ConsumerCoordinator - [Consumer clientId=consumer-inventory-service-3, groupId=inventory-service] Discovered group coordinator localhost:58911 (id: 2147483646 rack: null)
16:58:34.745 INFO  [,] o.a.k.c.c.i.ConsumerCoordinator - [Consumer clientId=consumer-inventory-service-3, groupId=inventory-service] (Re-)joining group
16:58:34.750 INFO  [,] o.a.k.c.c.i.ConsumerCoordinator - [Consumer clientId=consumer-inventory-service-2, groupId=inventory-service] Discovered group coordinator localhost:58911 (id: 2147483646 rack: null)
16:58:34.751 INFO  [,] o.a.k.c.c.i.ConsumerCoordinator - [Consumer clientId=consumer-inventory-service-2, groupId=inventory-service] (Re-)joining group
16:58:34.799 INFO  [,] o.a.k.c.c.i.ConsumerCoordinator - [Consumer clientId=consumer-inventory-service-2, groupId=inventory-service] JoinGroup failed: Coordinator localhost:58911 (id: 2147483646 rack: null) is loading the group.
16:58:34.799 INFO  [,] o.a.k.c.c.i.ConsumerCoordinator - [Consumer clientId=consumer-inventory-service-1, groupId=inventory-service] JoinGroup failed: Coordinator localhost:58911 (id: 2147483646 rack: null) is loading the group.
16:58:34.799 INFO  [,] o.a.k.c.c.i.ConsumerCoordinator - [Consumer clientId=consumer-inventory-service-3, groupId=inventory-service] JoinGroup failed: Coordinator localhost:58911 (id: 2147483646 rack: null) is loading the group.
16:58:34.800 INFO  [,] o.a.k.c.c.i.ConsumerCoordinator - [Consumer clientId=consumer-inventory-service-2, groupId=inventory-service] Request joining group due to: rebalance failed due to 'The coordinator is loading and hence can't process requests.' (CoordinatorLoadInProgressException)
16:58:34.800 INFO  [,] o.a.k.c.c.i.ConsumerCoordinator - [Consumer clientId=consumer-inventory-service-3, groupId=inventory-service] Request joining group due to: rebalance failed due to 'The coordinator is loading and hence can't process requests.' (CoordinatorLoadInProgressException)
16:58:34.800 INFO  [,] o.a.k.c.c.i.ConsumerCoordinator - [Consumer clientId=consumer-inventory-service-1, groupId=inventory-service] Request joining group due to: rebalance failed due to 'The coordinator is loading and hence can't process requests.' (CoordinatorLoadInProgressException)
16:58:34.901 INFO  [,] o.a.k.c.c.i.ConsumerCoordinator - [Consumer clientId=consumer-inventory-service-2, groupId=inventory-service] (Re-)joining group
16:58:34.901 INFO  [,] o.a.k.c.c.i.ConsumerCoordinator - [Consumer clientId=consumer-inventory-service-3, groupId=inventory-service] (Re-)joining group
16:58:34.901 INFO  [,] o.a.k.c.c.i.ConsumerCoordinator - [Consumer clientId=consumer-inventory-service-1, groupId=inventory-service] (Re-)joining group
16:58:34.967 INFO  [,] o.a.c.c.C.[Tomcat].[localhost].[/] - Initializing Spring DispatcherServlet 'dispatcherServlet'
16:58:34.967 INFO  [,] o.s.web.servlet.DispatcherServlet - Initializing Servlet 'dispatcherServlet'
16:58:34.968 INFO  [,] o.s.web.servlet.DispatcherServlet - Completed initialization in 1 ms
16:58:34.970 INFO  [,] o.a.k.c.c.i.ConsumerCoordinator - [Consumer clientId=consumer-inventory-service-3, groupId=inventory-service] Request joining group due to: need to re-join with the given member-id: consumer-inventory-service-3-0210fee7-010f-4618-b881-3030b9e3b463
16:58:34.970 INFO  [,] o.a.k.c.c.i.ConsumerCoordinator - [Consumer clientId=consumer-inventory-service-2, groupId=inventory-service] Request joining group due to: need to re-join with the given member-id: consumer-inventory-service-2-5ad9f29b-7ed8-4600-bfdf-d90f35a5fccf
16:58:34.970 INFO  [,] o.a.k.c.c.i.ConsumerCoordinator - [Consumer clientId=consumer-inventory-service-3, groupId=inventory-service] (Re-)joining group
16:58:34.970 INFO  [,] o.a.k.c.c.i.ConsumerCoordinator - [Consumer clientId=consumer-inventory-service-2, groupId=inventory-service] (Re-)joining group
16:58:34.970 INFO  [,] o.a.k.c.c.i.ConsumerCoordinator - [Consumer clientId=consumer-inventory-service-1, groupId=inventory-service] Request joining group due to: need to re-join with the given member-id: consumer-inventory-service-1-9601b35e-d359-40bb-a478-a6d2345b4bb2
16:58:34.970 INFO  [,] o.a.k.c.c.i.ConsumerCoordinator - [Consumer clientId=consumer-inventory-service-1, groupId=inventory-service] (Re-)joining group
16:58:35.052 INFO  [,] o.a.k.c.c.i.ConsumerCoordinator - [Consumer clientId=consumer-inventory-service-3, groupId=inventory-service] Successfully joined group with generation Generation{generationId=1, memberId='consumer-inventory-service-3-0210fee7-010f-4618-b881-3030b9e3b463', protocol='range'}
16:58:35.056 INFO  [,] o.a.k.c.c.i.ConsumerCoordinator - [Consumer clientId=consumer-inventory-service-2, groupId=inventory-service] Successfully joined group with generation Generation{generationId=1, memberId='consumer-inventory-service-2-5ad9f29b-7ed8-4600-bfdf-d90f35a5fccf', protocol='range'}
16:58:35.060 INFO  [,] o.a.k.c.c.i.ConsumerCoordinator - [Consumer clientId=consumer-inventory-service-1, groupId=inventory-service] Successfully joined group with generation Generation{generationId=1, memberId='consumer-inventory-service-1-9601b35e-d359-40bb-a478-a6d2345b4bb2', protocol='range'}
16:58:35.071 INFO  [,] o.a.k.c.c.i.ConsumerCoordinator - [Consumer clientId=consumer-inventory-service-2, groupId=inventory-service] Finished assignment for group at generation 1: {consumer-inventory-service-3-0210fee7-010f-4618-b881-3030b9e3b463=Assignment(partitions=[order.created-0, order.created-1, order.created-2]), consumer-inventory-service-2-5ad9f29b-7ed8-4600-bfdf-d90f35a5fccf=Assignment(partitions=[order.cancelled-0]), consumer-inventory-service-1-9601b35e-d359-40bb-a478-a6d2345b4bb2=Assignment(partitions=[order.fulfilled-0])}
16:58:35.134 DEBUG [6a31e32a726a38da105509e9f159fcbb,105509e9f159fcbb] c.o.i.application.InventoryService - Getting stock productId=550e8400-e29b-41d4-a716-446655440001
16:58:35.228 INFO  [,] o.a.k.c.c.i.ConsumerCoordinator - [Consumer clientId=consumer-inventory-service-3, groupId=inventory-service] Successfully synced group in generation Generation{generationId=1, memberId='consumer-inventory-service-3-0210fee7-010f-4618-b881-3030b9e3b463', protocol='range'}
16:58:35.229 INFO  [,] o.a.k.c.c.i.ConsumerCoordinator - [Consumer clientId=consumer-inventory-service-3, groupId=inventory-service] Notifying assignor about the new Assignment(partitions=[order.created-0, order.created-1, order.created-2])
16:58:35.231 INFO  [,] o.a.k.c.c.i.ConsumerRebalanceListenerInvoker - [Consumer clientId=consumer-inventory-service-3, groupId=inventory-service] Adding newly assigned partitions: order.created-0, order.created-1, order.created-2
16:58:35.233 INFO  [,] o.a.k.c.c.i.ConsumerCoordinator - [Consumer clientId=consumer-inventory-service-1, groupId=inventory-service] Successfully synced group in generation Generation{generationId=1, memberId='consumer-inventory-service-1-9601b35e-d359-40bb-a478-a6d2345b4bb2', protocol='range'}
16:58:35.234 INFO  [,] o.a.k.c.c.i.ConsumerCoordinator - [Consumer clientId=consumer-inventory-service-1, groupId=inventory-service] Notifying assignor about the new Assignment(partitions=[order.fulfilled-0])
16:58:35.234 INFO  [,] o.a.k.c.c.i.ConsumerRebalanceListenerInvoker - [Consumer clientId=consumer-inventory-service-1, groupId=inventory-service] Adding newly assigned partitions: order.fulfilled-0
16:58:35.235 INFO  [,] o.a.k.c.c.i.ConsumerCoordinator - [Consumer clientId=consumer-inventory-service-2, groupId=inventory-service] Successfully synced group in generation Generation{generationId=1, memberId='consumer-inventory-service-2-5ad9f29b-7ed8-4600-bfdf-d90f35a5fccf', protocol='range'}
16:58:35.236 INFO  [,] o.a.k.c.c.i.ConsumerCoordinator - [Consumer clientId=consumer-inventory-service-2, groupId=inventory-service] Notifying assignor about the new Assignment(partitions=[order.cancelled-0])
16:58:35.236 INFO  [,] o.a.k.c.c.i.ConsumerRebalanceListenerInvoker - [Consumer clientId=consumer-inventory-service-2, groupId=inventory-service] Adding newly assigned partitions: order.cancelled-0
]]></system-out>
  </testcase>
  <testcase name="addStock_newProduct_creates200" classname="com.orderplatform.inventoryservice.integration.InventoryIntegrationTest" time="0.106">
    <system-out><![CDATA[16:58:35.286 INFO  [,] o.a.k.c.c.i.ConsumerCoordinator - [Consumer clientId=consumer-inventory-service-3, groupId=inventory-service] Found no committed offset for partition order.created-1
16:58:35.286 INFO  [,] o.a.k.c.c.i.ConsumerCoordinator - [Consumer clientId=consumer-inventory-service-1, groupId=inventory-service] Found no committed offset for partition order.fulfilled-0
16:58:35.286 INFO  [,] o.a.k.c.c.i.ConsumerCoordinator - [Consumer clientId=consumer-inventory-service-3, groupId=inventory-service] Found no committed offset for partition order.created-0
16:58:35.286 INFO  [,] o.a.k.c.c.i.ConsumerCoordinator - [Consumer clientId=consumer-inventory-service-3, groupId=inventory-service] Found no committed offset for partition order.created-2
16:58:35.286 INFO  [,] o.a.k.c.c.i.ConsumerCoordinator - [Consumer clientId=consumer-inventory-service-2, groupId=inventory-service] Found no committed offset for partition order.cancelled-0
16:58:35.341 INFO  [,] o.a.k.c.c.i.SubscriptionState - [Consumer clientId=consumer-inventory-service-3, groupId=inventory-service] Resetting offset for partition order.created-1 to position FetchPosition{offset=0, offsetEpoch=Optional.empty, currentLeader=LeaderAndEpoch{leader=Optional[localhost:58911 (id: 1 rack: null)], epoch=0}}.
16:58:35.341 INFO  [,] o.a.k.c.c.i.SubscriptionState - [Consumer clientId=consumer-inventory-service-1, groupId=inventory-service] Resetting offset for partition order.fulfilled-0 to position FetchPosition{offset=0, offsetEpoch=Optional.empty, currentLeader=LeaderAndEpoch{leader=Optional[localhost:58911 (id: 1 rack: null)], epoch=0}}.
16:58:35.341 INFO  [,] o.a.k.c.c.i.SubscriptionState - [Consumer clientId=consumer-inventory-service-2, groupId=inventory-service] Resetting offset for partition order.cancelled-0 to position FetchPosition{offset=0, offsetEpoch=Optional.empty, currentLeader=LeaderAndEpoch{leader=Optional[localhost:58911 (id: 1 rack: null)], epoch=0}}.
16:58:35.342 INFO  [,] o.a.k.c.c.i.SubscriptionState - [Consumer clientId=consumer-inventory-service-3, groupId=inventory-service] Resetting offset for partition order.created-0 to position FetchPosition{offset=0, offsetEpoch=Optional.empty, currentLeader=LeaderAndEpoch{leader=Optional[localhost:58911 (id: 1 rack: null)], epoch=0}}.
16:58:35.342 INFO  [,] o.a.k.c.c.i.SubscriptionState - [Consumer clientId=consumer-inventory-service-3, groupId=inventory-service] Resetting offset for partition order.created-2 to position FetchPosition{offset=0, offsetEpoch=Optional.empty, currentLeader=LeaderAndEpoch{leader=Optional[localhost:58911 (id: 1 rack: null)], epoch=0}}.
16:58:35.342 INFO  [,] o.s.k.l.KafkaMessageListenerContainer - inventory-service: partitions assigned: [order.created-0, order.created-1, order.created-2]
16:58:35.342 INFO  [,] o.s.k.l.KafkaMessageListenerContainer - inventory-service: partitions assigned: [order.fulfilled-0]
16:58:35.342 INFO  [,] o.s.k.l.KafkaMessageListenerContainer - inventory-service: partitions assigned: [order.cancelled-0]
]]></system-out>
  </testcase>
  <testcase name="getStock_notFound_returns404" classname="com.orderplatform.inventoryservice.integration.InventoryIntegrationTest" time="0.031"/>
  <testcase name="addStock_existingProduct_incrementsQuantity" classname="com.orderplatform.inventoryservice.integration.InventoryIntegrationTest" time="0.046"/>
</testsuite>